This is pdfTeX, Version 3.14159265-2.6-1.40.21 (MiKTeX 20.12) (preloaded format=pdflatex 2021.1.2)  22 JAN 2021 00:37
entering extended mode
**./abschlussarbeit.tex
(abschlussarbeit.tex
LaTeX2e <2020-10-01> patch level 2
L3 programming layer <2020-12-07> xparse <2020-03-03>
(C:\Users\hweck\AppData\Local\Programs\MiKTeX\tex/latex/base\book.cls
Document Class: book 2020/04/10 v1.4m Standard LaTeX document class
(C:\Users\hweck\AppData\Local\Programs\MiKTeX\tex/latex/base\bk10.clo
File: bk10.clo 2020/04/10 v1.4m Standard LaTeX file (size option)
)
\c@part=\count177
\c@chapter=\count178
\c@section=\count179
\c@subsection=\count180
\c@subsubsection=\count181
\c@paragraph=\count182
\c@subparagraph=\count183
\c@figure=\count184
\c@table=\count185
\abovecaptionskip=\skip47
\belowcaptionskip=\skip48
\bibindent=\dimen138
)
(C:\Users\hweck\AppData\Local\Programs\MiKTeX\tex/generic/babel\babel.sty
Package: babel 2020/12/16 3.52 The Babel package

(C:\Users\hweck\AppData\Local\Programs\MiKTeX\tex/generic/babel\babel.def
File: babel.def 2020/12/16 3.52 Babel common definitions
\babel@savecnt=\count186
\U@D=\dimen139
\l@babelnohyphens=\language79

(C:\Users\hweck\AppData\Local\Programs\MiKTeX\tex/generic/babel\txtbabel.def)
\bbl@readstream=\read2
)
\bbl@dirlevel=\count187

*************************************
* Local config file bblopts.cfg used
*
(C:\Users\hweck\AppData\Local\Programs\MiKTeX\tex/latex/arabi\bblopts.cfg
File: bblopts.cfg 2005/09/08 v0.1 add Arabic and Farsi to "declared" options of
 babel
)
(C:\Users\hweck\AppData\Local\Programs\MiKTeX\tex/latex/babel-german\ngerman.ld
f
Language: ngerman 2020/07/21 v2.12 German support for babel (post-1996 orthogra
phy)

(C:\Users\hweck\AppData\Local\Programs\MiKTeX\tex/latex/babel-german\ngermanb.l
df
Language: ngermanb 2020/07/21 v2.12 German support for babel (post-1996 orthogr
aphy)
Package babel Info: Making " an active character on input line 121.
))) (C:\Users\hweck\AppData\Local\Programs\MiKTeX\tex/latex/base\inputenc.sty
Package: inputenc 2020/08/01 v1.3d Input encoding file
\inpenc@prehook=\toks15
\inpenc@posthook=\toks16
) (C:\Users\hweck\AppData\Local\Programs\MiKTeX\tex/latex/psnfss\times.sty
Package: times 2020/03/25 PSNFSS-v9.3 (SPQR) 
)
(C:\Users\hweck\AppData\Local\Programs\MiKTeX\tex/latex/graphics\graphicx.sty
Package: graphicx 2020/09/09 v1.2b Enhanced LaTeX Graphics (DPC,SPQR)

(C:\Users\hweck\AppData\Local\Programs\MiKTeX\tex/latex/graphics\keyval.sty
Package: keyval 2014/10/28 v1.15 key=value parser (DPC)
\KV@toks@=\toks17
)
(C:\Users\hweck\AppData\Local\Programs\MiKTeX\tex/latex/graphics\graphics.sty
Package: graphics 2020/08/30 v1.4c Standard LaTeX Graphics (DPC,SPQR)

(C:\Users\hweck\AppData\Local\Programs\MiKTeX\tex/latex/graphics\trig.sty
Package: trig 2016/01/03 v1.10 sin cos tan (DPC)
)
(C:\Users\hweck\AppData\Local\Programs\MiKTeX\tex/latex/graphics-cfg\graphics.c
fg
File: graphics.cfg 2016/06/04 v1.11 sample graphics configuration
)
Package graphics Info: Driver file: pdftex.def on input line 105.

(C:\Users\hweck\AppData\Local\Programs\MiKTeX\tex/latex/graphics-def\pdftex.def
File: pdftex.def 2020/10/05 v1.2a Graphics/color driver for pdftex
))
\Gin@req@height=\dimen140
\Gin@req@width=\dimen141
)
(C:\Users\hweck\AppData\Local\Programs\MiKTeX\tex/latex/multirow\multirow.sty
Package: multirow 2019/05/31 v2.5 Span multiple rows of a table
\multirow@colwidth=\skip49
\multirow@cntb=\count188
\multirow@dima=\skip50
\bigstrutjot=\dimen142
)
(C:\Users\hweck\AppData\Local\Programs\MiKTeX\tex/latex/tools\tabularx.sty
Package: tabularx 2020/01/15 v2.11c `tabularx' package (DPC)

(C:\Users\hweck\AppData\Local\Programs\MiKTeX\tex/latex/tools\array.sty
Package: array 2019/08/31 v2.4l Tabular extension package (FMi)
\col@sep=\dimen143
\ar@mcellbox=\box47
\extrarowheight=\dimen144
\NC@list=\toks18
\extratabsurround=\skip51
\backup@length=\skip52
\ar@cellbox=\box48
)
\TX@col@width=\dimen145
\TX@old@table=\dimen146
\TX@old@col=\dimen147
\TX@target=\dimen148
\TX@delta=\dimen149
\TX@cols=\count189
\TX@ftn=\toks19
)
(C:\Users\hweck\AppData\Local\Programs\MiKTeX\tex/latex/subfig\subfig.sty
Package: subfig 2005/06/28 ver: 1.3 subfig package

(C:\Users\hweck\AppData\Local\Programs\MiKTeX\tex/latex/caption\caption.sty
Package: caption 2020/10/26 v3.5g Customizing captions (AR)

(C:\Users\hweck\AppData\Local\Programs\MiKTeX\tex/latex/caption\caption3.sty
Package: caption3 2020/10/21 v2.2e caption3 kernel (AR)
\captionmargin=\dimen150
\captionmargin@=\dimen151
\captionwidth=\dimen152
\caption@tempdima=\dimen153
\caption@indent=\dimen154
\caption@parindent=\dimen155
\caption@hangindent=\dimen156
Package caption Info: Standard document class detected.
)
\c@caption@flags=\count190
\c@continuedfloat=\count191
)
\c@KVtest=\count192
\sf@farskip=\skip53
\sf@captopadj=\dimen157
\sf@capskip=\skip54
\sf@nearskip=\skip55
\c@subfigure=\count193
\c@subfigure@save=\count194
\c@lofdepth=\count195
\c@subtable=\count196
\c@subtable@save=\count197
\c@lotdepth=\count198
\sf@top=\skip56
\sf@bottom=\skip57
) (C:\Users\hweck\AppData\Local\Programs\MiKTeX\tex/latex/amsfonts\amsfonts.sty
Package: amsfonts 2013/01/14 v3.01 Basic AMSFonts support
\@emptytoks=\toks20
\symAMSa=\mathgroup4
\symAMSb=\mathgroup5
LaTeX Font Info:    Redeclaring math symbol \hbar on input line 98.
LaTeX Font Info:    Overwriting math alphabet `\mathfrak' in version `bold'
(Font)                  U/euf/m/n --> U/euf/b/n on input line 106.
) (C:\Users\hweck\AppData\Local\Programs\MiKTeX\tex/latex/amsfonts\amssymb.sty
Package: amssymb 2013/01/14 v3.01 AMS font symbols
)
(C:\Users\hweck\AppData\Local\Programs\MiKTeX\tex/latex/tools\theorem.sty
Package: theorem 2014/10/28 v2.2c Theorem extension package (FMi)
\theorem@style=\toks21
\theorem@bodyfont=\toks22
\theorempreskipamount=\skip58
\theorempostskipamount=\skip59

(C:\Users\hweck\AppData\Local\Programs\MiKTeX\tex/latex/tools\thp.sty
File: thp.sty 2014/10/28 v2.2c Theorem extension package (FMi)
))
(C:\Users\hweck\AppData\Local\Programs\MiKTeX\tex/latex/listings\listings.sty
\lst@mode=\count199
\lst@gtempboxa=\box49
\lst@token=\toks23
\lst@length=\count266
\lst@currlwidth=\dimen158
\lst@column=\count267
\lst@pos=\count268
\lst@lostspace=\dimen159
\lst@width=\dimen160
\lst@newlines=\count269
\lst@lineno=\count270
\lst@maxwidth=\dimen161

(C:\Users\hweck\AppData\Local\Programs\MiKTeX\tex/latex/listings\lstmisc.sty
File: lstmisc.sty 2020/03/24 1.8d (Carsten Heinz)
\c@lstnumber=\count271
\lst@skipnumbers=\count272
\lst@framebox=\box50
)
(C:\Users\hweck\AppData\Local\Programs\MiKTeX\tex/latex/listings\listings.cfg
File: listings.cfg 2020/03/24 1.8d listings configuration
))
Package: listings 2020/03/24 1.8d (Carsten Heinz)
(C:\Users\hweck\AppData\Local\Programs\MiKTeX\tex/latex/xcolor\xcolor.sty
Package: xcolor 2016/05/11 v2.12 LaTeX color extensions (UK)

(C:\Users\hweck\AppData\Local\Programs\MiKTeX\tex/latex/graphics-cfg\color.cfg
File: color.cfg 2016/01/02 v1.6 sample color configuration
)
Package xcolor Info: Driver file: pdftex.def on input line 225.
(C:\Users\hweck\AppData\Local\Programs\MiKTeX\tex/latex/colortbl\colortbl.sty
Package: colortbl 2020/01/04 v1.0e Color table columns (DPC)
\everycr=\toks24
\minrowclearance=\skip60
)
\rownum=\count273
Package xcolor Info: Model `cmy' substituted by `cmy0' on input line 1348.
Package xcolor Info: Model `hsb' substituted by `rgb' on input line 1352.
Package xcolor Info: Model `RGB' extended on input line 1364.
Package xcolor Info: Model `HTML' substituted by `rgb' on input line 1366.
Package xcolor Info: Model `Hsb' substituted by `hsb' on input line 1367.
Package xcolor Info: Model `tHsb' substituted by `hsb' on input line 1368.
Package xcolor Info: Model `HSB' substituted by `hsb' on input line 1369.
Package xcolor Info: Model `Gray' substituted by `gray' on input line 1370.
Package xcolor Info: Model `wave' substituted by `hsb' on input line 1371.
) (C:\Users\hweck\AppData\Local\Programs\MiKTeX\tex/latex/setspace\setspace.sty
Package: setspace 2011/12/19 v6.7a set line spacing
) (C:\Users\hweck\AppData\Local\Programs\MiKTeX\tex/latex/wrapfig\wrapfig.sty
\wrapoverhang=\dimen162
\WF@size=\dimen163
\c@WF@wrappedlines=\count274
\WF@box=\box51
\WF@everypar=\toks25
Package: wrapfig 2003/01/31  v 3.6
)
(C:\Users\hweck\AppData\Local\Programs\MiKTeX\tex/latex/tools\verbatim.sty
Package: verbatim 2019/11/10 v1.5r LaTeX2e package for verbatim enhancements
\every@verbatim=\toks26
\verbatim@line=\toks27
\verbatim@in@stream=\read3
)
(C:\Users\hweck\AppData\Local\Programs\MiKTeX\tex/latex/xurl\xurl.sty
Package: xurl 2020/12/30 v 0.09a modify URL breaks

(C:\Users\hweck\AppData\Local\Programs\MiKTeX\tex/latex/url\url.sty
\Urlmuskip=\muskip16
Package: url 2013/09/16  ver 3.4  Verb mode for urls, etc.
))
(C:\Users\hweck\AppData\Local\Programs\MiKTeX\tex/latex/base\fontenc.sty
Package: fontenc 2020/08/10 v2.0s Standard LaTeX package
LaTeX Font Info:    Trying to load font information for T1+ptm on input line 11
2.

(C:\Users\hweck\AppData\Local\Programs\MiKTeX\tex/latex/psnfss\t1ptm.fd
File: t1ptm.fd 2001/06/04 font definitions for T1/ptm.
))
(C:\Users\hweck\AppData\Local\Programs\MiKTeX\tex/latex/pgf/frontendlayer\tikz.
sty
(C:\Users\hweck\AppData\Local\Programs\MiKTeX\tex/latex/pgf/basiclayer\pgf.sty
(C:\Users\hweck\AppData\Local\Programs\MiKTeX\tex/latex/pgf/utilities\pgfrcs.st
y
(C:\Users\hweck\AppData\Local\Programs\MiKTeX\tex/generic/pgf/utilities\pgfutil
-common.tex
\pgfutil@everybye=\toks28
\pgfutil@tempdima=\dimen164
\pgfutil@tempdimb=\dimen165

(C:\Users\hweck\AppData\Local\Programs\MiKTeX\tex/generic/pgf/utilities\pgfutil
-common-lists.tex))
(C:\Users\hweck\AppData\Local\Programs\MiKTeX\tex/generic/pgf/utilities\pgfutil
-latex.def
\pgfutil@abb=\box52
)
(C:\Users\hweck\AppData\Local\Programs\MiKTeX\tex/generic/pgf/utilities\pgfrcs.
code.tex
(C:\Users\hweck\AppData\Local\Programs\MiKTeX\tex/generic/pgf\pgf.revision.tex)
Package: pgfrcs 2020/12/01 v3.1.7a (3.1.7a)
))
Package: pgf 2020/12/01 v3.1.7a (3.1.7a)

(C:\Users\hweck\AppData\Local\Programs\MiKTeX\tex/latex/pgf/basiclayer\pgfcore.
sty
(C:\Users\hweck\AppData\Local\Programs\MiKTeX\tex/latex/pgf/systemlayer\pgfsys.
sty
(C:\Users\hweck\AppData\Local\Programs\MiKTeX\tex/generic/pgf/systemlayer\pgfsy
s.code.tex
Package: pgfsys 2020/12/01 v3.1.7a (3.1.7a)

(C:\Users\hweck\AppData\Local\Programs\MiKTeX\tex/generic/pgf/utilities\pgfkeys
.code.tex
\pgfkeys@pathtoks=\toks29
\pgfkeys@temptoks=\toks30

(C:\Users\hweck\AppData\Local\Programs\MiKTeX\tex/generic/pgf/utilities\pgfkeys
filtered.code.tex
\pgfkeys@tmptoks=\toks31
))
\pgf@x=\dimen166
\pgf@y=\dimen167
\pgf@xa=\dimen168
\pgf@ya=\dimen169
\pgf@xb=\dimen170
\pgf@yb=\dimen171
\pgf@xc=\dimen172
\pgf@yc=\dimen173
\pgf@xd=\dimen174
\pgf@yd=\dimen175
\w@pgf@writea=\write3
\r@pgf@reada=\read4
\c@pgf@counta=\count275
\c@pgf@countb=\count276
\c@pgf@countc=\count277
\c@pgf@countd=\count278
\t@pgf@toka=\toks32
\t@pgf@tokb=\toks33
\t@pgf@tokc=\toks34
\pgf@sys@id@count=\count279

(C:\Users\hweck\AppData\Local\Programs\MiKTeX\tex/generic/pgf/systemlayer\pgf.c
fg
File: pgf.cfg 2020/12/01 v3.1.7a (3.1.7a)
)
Driver file for pgf: pgfsys-pdftex.def

(C:\Users\hweck\AppData\Local\Programs\MiKTeX\tex/generic/pgf/systemlayer\pgfsy
s-pdftex.def
File: pgfsys-pdftex.def 2020/12/01 v3.1.7a (3.1.7a)

(C:\Users\hweck\AppData\Local\Programs\MiKTeX\tex/generic/pgf/systemlayer\pgfsy
s-common-pdf.def
File: pgfsys-common-pdf.def 2020/12/01 v3.1.7a (3.1.7a)
)))
(C:\Users\hweck\AppData\Local\Programs\MiKTeX\tex/generic/pgf/systemlayer\pgfsy
ssoftpath.code.tex
File: pgfsyssoftpath.code.tex 2020/12/01 v3.1.7a (3.1.7a)
\pgfsyssoftpath@smallbuffer@items=\count280
\pgfsyssoftpath@bigbuffer@items=\count281
)
(C:\Users\hweck\AppData\Local\Programs\MiKTeX\tex/generic/pgf/systemlayer\pgfsy
sprotocol.code.tex
File: pgfsysprotocol.code.tex 2020/12/01 v3.1.7a (3.1.7a)
))
(C:\Users\hweck\AppData\Local\Programs\MiKTeX\tex/generic/pgf/basiclayer\pgfcor
e.code.tex
Package: pgfcore 2020/12/01 v3.1.7a (3.1.7a)

(C:\Users\hweck\AppData\Local\Programs\MiKTeX\tex/generic/pgf/math\pgfmath.code
.tex
(C:\Users\hweck\AppData\Local\Programs\MiKTeX\tex/generic/pgf/math\pgfmathcalc.
code.tex
(C:\Users\hweck\AppData\Local\Programs\MiKTeX\tex/generic/pgf/math\pgfmathutil.
code.tex)
(C:\Users\hweck\AppData\Local\Programs\MiKTeX\tex/generic/pgf/math\pgfmathparse
r.code.tex
\pgfmath@dimen=\dimen176
\pgfmath@count=\count282
\pgfmath@box=\box53
\pgfmath@toks=\toks35
\pgfmath@stack@operand=\toks36
\pgfmath@stack@operation=\toks37
)
(C:\Users\hweck\AppData\Local\Programs\MiKTeX\tex/generic/pgf/math\pgfmathfunct
ions.code.tex
(C:\Users\hweck\AppData\Local\Programs\MiKTeX\tex/generic/pgf/math\pgfmathfunct
ions.basic.code.tex)
(C:\Users\hweck\AppData\Local\Programs\MiKTeX\tex/generic/pgf/math\pgfmathfunct
ions.trigonometric.code.tex)
(C:\Users\hweck\AppData\Local\Programs\MiKTeX\tex/generic/pgf/math\pgfmathfunct
ions.random.code.tex)
(C:\Users\hweck\AppData\Local\Programs\MiKTeX\tex/generic/pgf/math\pgfmathfunct
ions.comparison.code.tex)
(C:\Users\hweck\AppData\Local\Programs\MiKTeX\tex/generic/pgf/math\pgfmathfunct
ions.base.code.tex)
(C:\Users\hweck\AppData\Local\Programs\MiKTeX\tex/generic/pgf/math\pgfmathfunct
ions.round.code.tex)
(C:\Users\hweck\AppData\Local\Programs\MiKTeX\tex/generic/pgf/math\pgfmathfunct
ions.misc.code.tex)
(C:\Users\hweck\AppData\Local\Programs\MiKTeX\tex/generic/pgf/math\pgfmathfunct
ions.integerarithmetics.code.tex)))
(C:\Users\hweck\AppData\Local\Programs\MiKTeX\tex/generic/pgf/math\pgfmathfloat
.code.tex
\c@pgfmathroundto@lastzeros=\count283
))
(C:\Users\hweck\AppData\Local\Programs\MiKTeX\tex/generic/pgf/math\pgfint.code.
tex)
(C:\Users\hweck\AppData\Local\Programs\MiKTeX\tex/generic/pgf/basiclayer\pgfcor
epoints.code.tex
File: pgfcorepoints.code.tex 2020/12/01 v3.1.7a (3.1.7a)
\pgf@picminx=\dimen177
\pgf@picmaxx=\dimen178
\pgf@picminy=\dimen179
\pgf@picmaxy=\dimen180
\pgf@pathminx=\dimen181
\pgf@pathmaxx=\dimen182
\pgf@pathminy=\dimen183
\pgf@pathmaxy=\dimen184
\pgf@xx=\dimen185
\pgf@xy=\dimen186
\pgf@yx=\dimen187
\pgf@yy=\dimen188
\pgf@zx=\dimen189
\pgf@zy=\dimen190
)
(C:\Users\hweck\AppData\Local\Programs\MiKTeX\tex/generic/pgf/basiclayer\pgfcor
epathconstruct.code.tex
File: pgfcorepathconstruct.code.tex 2020/12/01 v3.1.7a (3.1.7a)
\pgf@path@lastx=\dimen191
\pgf@path@lasty=\dimen192
)
(C:\Users\hweck\AppData\Local\Programs\MiKTeX\tex/generic/pgf/basiclayer\pgfcor
epathusage.code.tex
File: pgfcorepathusage.code.tex 2020/12/01 v3.1.7a (3.1.7a)
\pgf@shorten@end@additional=\dimen193
\pgf@shorten@start@additional=\dimen194
)
(C:\Users\hweck\AppData\Local\Programs\MiKTeX\tex/generic/pgf/basiclayer\pgfcor
escopes.code.tex
File: pgfcorescopes.code.tex 2020/12/01 v3.1.7a (3.1.7a)
\pgfpic=\box54
\pgf@hbox=\box55
\pgf@layerbox@main=\box56
\pgf@picture@serial@count=\count284
)
(C:\Users\hweck\AppData\Local\Programs\MiKTeX\tex/generic/pgf/basiclayer\pgfcor
egraphicstate.code.tex
File: pgfcoregraphicstate.code.tex 2020/12/01 v3.1.7a (3.1.7a)
\pgflinewidth=\dimen195
)
(C:\Users\hweck\AppData\Local\Programs\MiKTeX\tex/generic/pgf/basiclayer\pgfcor
etransformations.code.tex
File: pgfcoretransformations.code.tex 2020/12/01 v3.1.7a (3.1.7a)
\pgf@pt@x=\dimen196
\pgf@pt@y=\dimen197
\pgf@pt@temp=\dimen198
)
(C:\Users\hweck\AppData\Local\Programs\MiKTeX\tex/generic/pgf/basiclayer\pgfcor
equick.code.tex
File: pgfcorequick.code.tex 2020/12/01 v3.1.7a (3.1.7a)
)
(C:\Users\hweck\AppData\Local\Programs\MiKTeX\tex/generic/pgf/basiclayer\pgfcor
eobjects.code.tex
File: pgfcoreobjects.code.tex 2020/12/01 v3.1.7a (3.1.7a)
)
(C:\Users\hweck\AppData\Local\Programs\MiKTeX\tex/generic/pgf/basiclayer\pgfcor
epathprocessing.code.tex
File: pgfcorepathprocessing.code.tex 2020/12/01 v3.1.7a (3.1.7a)
)
(C:\Users\hweck\AppData\Local\Programs\MiKTeX\tex/generic/pgf/basiclayer\pgfcor
earrows.code.tex
File: pgfcorearrows.code.tex 2020/12/01 v3.1.7a (3.1.7a)
\pgfarrowsep=\dimen199
)
(C:\Users\hweck\AppData\Local\Programs\MiKTeX\tex/generic/pgf/basiclayer\pgfcor
eshade.code.tex
File: pgfcoreshade.code.tex 2020/12/01 v3.1.7a (3.1.7a)
\pgf@max=\dimen256
\pgf@sys@shading@range@num=\count285
\pgf@shadingcount=\count286
)
(C:\Users\hweck\AppData\Local\Programs\MiKTeX\tex/generic/pgf/basiclayer\pgfcor
eimage.code.tex
File: pgfcoreimage.code.tex 2020/12/01 v3.1.7a (3.1.7a)

(C:\Users\hweck\AppData\Local\Programs\MiKTeX\tex/generic/pgf/basiclayer\pgfcor
eexternal.code.tex
File: pgfcoreexternal.code.tex 2020/12/01 v3.1.7a (3.1.7a)
\pgfexternal@startupbox=\box57
))
(C:\Users\hweck\AppData\Local\Programs\MiKTeX\tex/generic/pgf/basiclayer\pgfcor
elayers.code.tex
File: pgfcorelayers.code.tex 2020/12/01 v3.1.7a (3.1.7a)
)
(C:\Users\hweck\AppData\Local\Programs\MiKTeX\tex/generic/pgf/basiclayer\pgfcor
etransparency.code.tex
File: pgfcoretransparency.code.tex 2020/12/01 v3.1.7a (3.1.7a)
)
(C:\Users\hweck\AppData\Local\Programs\MiKTeX\tex/generic/pgf/basiclayer\pgfcor
epatterns.code.tex
File: pgfcorepatterns.code.tex 2020/12/01 v3.1.7a (3.1.7a)
)
(C:\Users\hweck\AppData\Local\Programs\MiKTeX\tex/generic/pgf/basiclayer\pgfcor
erdf.code.tex
File: pgfcorerdf.code.tex 2020/12/01 v3.1.7a (3.1.7a)
)))
(C:\Users\hweck\AppData\Local\Programs\MiKTeX\tex/generic/pgf/modules\pgfmodule
shapes.code.tex
File: pgfmoduleshapes.code.tex 2020/12/01 v3.1.7a (3.1.7a)
\pgfnodeparttextbox=\box58
)
(C:\Users\hweck\AppData\Local\Programs\MiKTeX\tex/generic/pgf/modules\pgfmodule
plot.code.tex
File: pgfmoduleplot.code.tex 2020/12/01 v3.1.7a (3.1.7a)
)
(C:\Users\hweck\AppData\Local\Programs\MiKTeX\tex/latex/pgf/compatibility\pgfco
mp-version-0-65.sty
Package: pgfcomp-version-0-65 2020/12/01 v3.1.7a (3.1.7a)
\pgf@nodesepstart=\dimen257
\pgf@nodesepend=\dimen258
)
(C:\Users\hweck\AppData\Local\Programs\MiKTeX\tex/latex/pgf/compatibility\pgfco
mp-version-1-18.sty
Package: pgfcomp-version-1-18 2020/12/01 v3.1.7a (3.1.7a)
))
(C:\Users\hweck\AppData\Local\Programs\MiKTeX\tex/latex/pgf/utilities\pgffor.st
y
(C:\Users\hweck\AppData\Local\Programs\MiKTeX\tex/latex/pgf/utilities\pgfkeys.s
ty
(C:\Users\hweck\AppData\Local\Programs\MiKTeX\tex/generic/pgf/utilities\pgfkeys
.code.tex))
(C:\Users\hweck\AppData\Local\Programs\MiKTeX\tex/latex/pgf/math\pgfmath.sty
(C:\Users\hweck\AppData\Local\Programs\MiKTeX\tex/generic/pgf/math\pgfmath.code
.tex))
(C:\Users\hweck\AppData\Local\Programs\MiKTeX\tex/generic/pgf/utilities\pgffor.
code.tex
Package: pgffor 2020/12/01 v3.1.7a (3.1.7a)

(C:\Users\hweck\AppData\Local\Programs\MiKTeX\tex/generic/pgf/math\pgfmath.code
.tex)
\pgffor@iter=\dimen259
\pgffor@skip=\dimen260
\pgffor@stack=\toks38
\pgffor@toks=\toks39
))
(C:\Users\hweck\AppData\Local\Programs\MiKTeX\tex/generic/pgf/frontendlayer/tik
z\tikz.code.tex
Package: tikz 2020/12/01 v3.1.7a (3.1.7a)

(C:\Users\hweck\AppData\Local\Programs\MiKTeX\tex/generic/pgf/libraries\pgflibr
aryplothandlers.code.tex
File: pgflibraryplothandlers.code.tex 2020/12/01 v3.1.7a (3.1.7a)
\pgf@plot@mark@count=\count287
\pgfplotmarksize=\dimen261
)
\tikz@lastx=\dimen262
\tikz@lasty=\dimen263
\tikz@lastxsaved=\dimen264
\tikz@lastysaved=\dimen265
\tikz@lastmovetox=\dimen266
\tikz@lastmovetoy=\dimen267
\tikzleveldistance=\dimen268
\tikzsiblingdistance=\dimen269
\tikz@figbox=\box59
\tikz@figbox@bg=\box60
\tikz@tempbox=\box61
\tikz@tempbox@bg=\box62
\tikztreelevel=\count288
\tikznumberofchildren=\count289
\tikznumberofcurrentchild=\count290
\tikz@fig@count=\count291

(C:\Users\hweck\AppData\Local\Programs\MiKTeX\tex/generic/pgf/modules\pgfmodule
matrix.code.tex
File: pgfmodulematrix.code.tex 2020/12/01 v3.1.7a (3.1.7a)
\pgfmatrixcurrentrow=\count292
\pgfmatrixcurrentcolumn=\count293
\pgf@matrix@numberofcolumns=\count294
)
\tikz@expandcount=\count295

(C:\Users\hweck\AppData\Local\Programs\MiKTeX\tex/generic/pgf/frontendlayer/tik
z/libraries\tikzlibrarytopaths.code.tex
File: tikzlibrarytopaths.code.tex 2020/12/01 v3.1.7a (3.1.7a)
)))
(C:\Users\hweck\AppData\Local\Programs\MiKTeX\tex/generic/pgf/frontendlayer/tik
z/libraries\tikzlibraryautomata.code.tex
File: tikzlibraryautomata.code.tex 2020/12/01 v3.1.7a (3.1.7a)

(C:\Users\hweck\AppData\Local\Programs\MiKTeX\tex/generic/pgf/frontendlayer/tik
z/libraries\tikzlibraryshapes.multipart.code.tex
File: tikzlibraryshapes.multipart.code.tex 2020/12/01 v3.1.7a (3.1.7a)

(C:\Users\hweck\AppData\Local\Programs\MiKTeX\tex/generic/pgf/libraries/shapes\
pgflibraryshapes.multipart.code.tex
File: pgflibraryshapes.multipart.code.tex 2020/12/01 v3.1.7a (3.1.7a)
\pgfnodepartlowerbox=\box63
\pgfnodeparttwobox=\box64
\pgfnodepartthreebox=\box65
\pgfnodepartfourbox=\box66
\pgfnodeparttwentybox=\box67
\pgfnodepartnineteenbox=\box68
\pgfnodeparteighteenbox=\box69
\pgfnodepartseventeenbox=\box70
\pgfnodepartsixteenbox=\box71
\pgfnodepartfifteenbox=\box72
\pgfnodepartfourteenbox=\box73
\pgfnodepartthirteenbox=\box74
\pgfnodeparttwelvebox=\box75
\pgfnodepartelevenbox=\box76
\pgfnodeparttenbox=\box77
\pgfnodepartninebox=\box78
\pgfnodeparteightbox=\box79
\pgfnodepartsevenbox=\box80
\pgfnodepartsixbox=\box81
\pgfnodepartfivebox=\box82
)))
(C:\Users\hweck\AppData\Local\Programs\MiKTeX\tex/generic/pgf/frontendlayer/tik
z/libraries\tikzlibrarypositioning.code.tex
File: tikzlibrarypositioning.code.tex 2020/12/01 v3.1.7a (3.1.7a)
)
(C:\Users\hweck\AppData\Local\Programs\MiKTeX\tex/generic/pgf/frontendlayer/tik
z/libraries\tikzlibraryarrows.code.tex
File: tikzlibraryarrows.code.tex 2020/12/01 v3.1.7a (3.1.7a)

(C:\Users\hweck\AppData\Local\Programs\MiKTeX\tex/generic/pgf/libraries\pgflibr
aryarrows.code.tex
File: pgflibraryarrows.code.tex 2020/12/01 v3.1.7a (3.1.7a)
\arrowsize=\dimen270
))
(C:\Users\hweck\AppData\Local\Programs\MiKTeX\tex/generic/pgf/frontendlayer/tik
z/libraries\tikzlibraryshapes.geometric.code.tex
File: tikzlibraryshapes.geometric.code.tex 2020/12/01 v3.1.7a (3.1.7a)

(C:\Users\hweck\AppData\Local\Programs\MiKTeX\tex/generic/pgf/libraries/shapes\
pgflibraryshapes.geometric.code.tex
File: pgflibraryshapes.geometric.code.tex 2020/12/01 v3.1.7a (3.1.7a)
))
(C:\Users\hweck\AppData\Local\Programs\MiKTeX\tex/latex/titlesec\titlesec.sty
Package: titlesec 2019/10/16 v2.13 Sectioning titles
\ttl@box=\box83
\beforetitleunit=\skip61
\aftertitleunit=\skip62
\ttl@plus=\dimen271
\ttl@minus=\dimen272
\ttl@toksa=\toks40
\titlewidth=\dimen273
\titlewidthlast=\dimen274
\titlewidthfirst=\dimen275
)
(C:\Users\hweck\AppData\Local\Programs\MiKTeX\tex/latex/l3backend\l3backend-pdf
tex.def
File: l3backend-pdftex.def 2020-09-24 L3 backend support: PDF output (pdfTeX)
\l__kernel_color_stack_int=\count296
\l__pdf_internal_box=\box84
) (abschlussarbeit.aux)
\openout1 = `abschlussarbeit.aux'.

LaTeX Font Info:    Checking defaults for OML/cmm/m/it on input line 101.
LaTeX Font Info:    ... okay on input line 101.
LaTeX Font Info:    Checking defaults for OMS/cmsy/m/n on input line 101.
LaTeX Font Info:    ... okay on input line 101.
LaTeX Font Info:    Checking defaults for OT1/cmr/m/n on input line 101.
LaTeX Font Info:    ... okay on input line 101.
LaTeX Font Info:    Checking defaults for T1/cmr/m/n on input line 101.
LaTeX Font Info:    ... okay on input line 101.
LaTeX Font Info:    Checking defaults for TS1/cmr/m/n on input line 101.
LaTeX Font Info:    ... okay on input line 101.
LaTeX Font Info:    Checking defaults for OMX/cmex/m/n on input line 101.
LaTeX Font Info:    ... okay on input line 101.
LaTeX Font Info:    Checking defaults for U/cmr/m/n on input line 101.
LaTeX Font Info:    ... okay on input line 101.

(C:\Users\hweck\AppData\Local\Programs\MiKTeX\tex/context/base/mkii\supp-pdf.mk
ii
[Loading MPS to PDF converter (version 2006.09.02).]
\scratchcounter=\count297
\scratchdimen=\dimen276
\scratchbox=\box85
\nofMPsegments=\count298
\nofMParguments=\count299
\everyMPshowfont=\toks41
\MPscratchCnt=\count300
\MPscratchDim=\dimen277
\MPnumerator=\count301
\makeMPintoPDFobject=\count302
\everyMPtoPDFconversion=\toks42
)
(C:\Users\hweck\AppData\Local\Programs\MiKTeX\tex/latex/epstopdf-pkg\epstopdf-b
ase.sty
Package: epstopdf-base 2020-01-24 v2.11 Base part for package epstopdf
Package epstopdf-base Info: Redefining graphics rule for `.eps' on input line 4
85.
)
Package caption Info: Begin \AtBeginDocument code.
Package caption Info: subfig package v1.3 is loaded.
Package caption Info: listings package is loaded.
Package caption Info: wrapfig package is loaded.
Package caption Info: End \AtBeginDocument code.
\c@lstlisting=\count303
LaTeX Font Info:    Trying to load font information for U+msa on input line 141
.

(C:\Users\hweck\AppData\Local\Programs\MiKTeX\tex/latex/amsfonts\umsa.fd
File: umsa.fd 2013/01/14 v3.01 AMS symbols A
)
LaTeX Font Info:    Trying to load font information for U+msb on input line 141
.

(C:\Users\hweck\AppData\Local\Programs\MiKTeX\tex/latex/amsfonts\umsb.fd
File: umsb.fd 2013/01/14 v3.01 AMS symbols B
)
<images/fhlogo.png, id=4, 365.73pt x 182.5pt>
File: images/fhlogo.png Graphic file (type png)
<use images/fhlogo.png>
Package pdftex.def Info: images/fhlogo.png  used on input line 141.
(pdftex.def)             Requested size: 57.33444pt x 28.60744pt.
LaTeX Font Info:    Trying to load font information for T1+phv on input line 14
1.

(C:\Users\hweck\AppData\Local\Programs\MiKTeX\tex/latex/psnfss\t1phv.fd
File: t1phv.fd 2020/03/25 scalable font definitions for T1/phv.
)
Overfull \hbox (8.21262pt too wide) in paragraph at lines 141--141
[]|[]| 
 []

<images/firmenlogo.png, id=5, 501.875pt x 244.915pt>
File: images/firmenlogo.png Graphic file (type png)
<use images/firmenlogo.png>
Package pdftex.def Info: images/firmenlogo.png  used on input line 141.
(pdftex.def)             Requested size: 132.30666pt x 64.56581pt.

Overfull \hbox (80.57913pt too wide) in paragraph at lines 141--142
[] []
 []


Underfull \hbox (badness 10000) in paragraph at lines 141--142

 []

[1


{C:/Users/hweck/AppData/Local/MiKTeX/pdftex/config/pdftex.map} <./images/fhlogo
.png> <./images/firmenlogo.png>]
Underfull \hbox (badness 10000) in paragraph at lines 193--199

 []

[2] [3

] [4

] [5

] (abschlussarbeit.toc [6

])
\tf@toc=\write4
\openout4 = `abschlussarbeit.toc'.

 [7]
Kapitel 1.
[1


]
LaTeX Font Info:    Trying to load font information for T1+pcr on input line 31
8.
 (C:\Users\hweck\AppData\Local\Programs\MiKTeX\tex/latex/psnfss\t1pcr.fd
File: t1pcr.fd 2001/06/04 font definitions for T1/pcr.
)
Underfull \vbox (badness 10000) has occurred while \output is active []

 [2]
[3]
Kapitel 2.
[4

]
<images/OSI.png, id=49, 999.735pt x 518.93875pt>
File: images/OSI.png Graphic file (type png)
<use images/OSI.png>
Package pdftex.def Info: images/OSI.png  used on input line 345.
(pdftex.def)             Requested size: 349.91249pt x 181.63129pt.

Underfull \hbox (badness 10000) in paragraph at lines 365--366

 []


Underfull \vbox (badness 10000) has occurred while \output is active []

 [5 <./images/OSI.png>]
Underfull \hbox (badness 1609) in paragraph at lines 387--389
[]\T1/ptm/m/n/12 Eine häu-fig ver-wen-de-te Si-cher-heits-maÿ-nah-me ge-gen CS-
RF An-grif-fe ist ein
 []


Underfull \hbox (badness 10000) in paragraph at lines 387--389

 []

[6]
<images/CSRF.png, id=57, 549.55313pt x 443.40656pt>
File: images/CSRF.png Graphic file (type png)
<use images/CSRF.png>
Package pdftex.def Info: images/CSRF.png  used on input line 392.
(pdftex.def)             Requested size: 302.25516pt x 243.87436pt.

Underfull \vbox (badness 10000) has occurred while \output is active []

 [7 <./images/CSRF.png>]
<images/Same_Origin_Policy.png, id=62, 420.06938pt x 74.52844pt>
File: images/Same_Origin_Policy.png Graphic file (type png)
<use images/Same_Origin_Policy.png>
Package pdftex.def Info: images/Same_Origin_Policy.png  used on input line 405.

(pdftex.def)             Requested size: 210.03418pt x 37.26411pt.

Underfull \hbox (badness 10000) in paragraph at lines 411--413

 []

<images/DNS_Rebind_Attack.png, id=63, 591.71063pt x 269.50688pt>
File: images/DNS_Rebind_Attack.png Graphic file (type png)
<use images/DNS_Rebind_Attack.png>
Package pdftex.def Info: images/DNS_Rebind_Attack.png  used on input line 416.
(pdftex.def)             Requested size: 207.10182pt x 94.32881pt.
[8 <./images/Same_Origin_Policy.png> <./images/DNS_Rebind_Attack.png (PNG copy)
>]
LaTeX Font Info:    Trying to load font information for TS1+ptm on input line 4
35.
 (C:\Users\hweck\AppData\Local\Programs\MiKTeX\tex/latex/psnfss\ts1ptm.fd
File: ts1ptm.fd 2001/06/04 font definitions for TS1/ptm.
)
[9]
Underfull \hbox (badness 10000) in paragraph at lines 454--456

 []

[10]
<images/commits_by_year_month.png, id=73, 466.74374pt x 347.79938pt>
File: images/commits_by_year_month.png Graphic file (type png)
<use images/commits_by_year_month.png>
Package pdftex.def Info: images/commits_by_year_month.png  used on input line 4
59.
(pdftex.def)             Requested size: 233.37129pt x 173.89926pt.

Underfull \hbox (badness 10000) in paragraph at lines 470--471

 []

[11 <./images/commits_by_year_month.png>]
<images/openwrt_downloads.png, id=78, 376.90813pt x 188.705pt>
File: images/openwrt_downloads.png Graphic file (type png)
<use images/openwrt_downloads.png>
Package pdftex.def Info: images/openwrt_downloads.png  used on input line 474.
(pdftex.def)             Requested size: 226.1466pt x 113.22386pt.
<images/openwrt_targets.png, id=79, 866.48718pt x 500.62032pt>
File: images/openwrt_targets.png Graphic file (type png)
<use images/openwrt_targets.png>
Package pdftex.def Info: images/openwrt_targets.png  used on input line 480.
(pdftex.def)             Requested size: 389.91562pt x 225.27705pt.
 [12 <./images/openwrt_downloads.png> <./images/openwrt_targets.png (PNG copy)>
]
Underfull \vbox (badness 4492) has occurred while \output is active []

 [13]
<images/threat.png, id=88, 466.74374pt x 222.07968pt>
File: images/threat.png Graphic file (type png)
<use images/threat.png>
Package pdftex.def Info: images/threat.png  used on input line 527.
(pdftex.def)             Requested size: 233.37129pt x 111.03957pt.

[14 <./images/threat.png>]
Underfull \vbox (badness 10000) has occurred while \output is active []

 [15]
[16] [17]
Underfull \hbox (badness 1742) in paragraph at lines 701--702
\T1/ptm/m/n/12 gen Ma-ni-pu-la-tio-nen wäh-rend der Lauf-zeit. Der Glo-bal Off-
set Ta-ble bein-hal-tet
 []

[18] [19]
Kapitel 3.
[20

] [21]
<images/testumgebung.png, id=117, 757.32938pt x 502.87875pt>
File: images/testumgebung.png Graphic file (type png)
<use images/testumgebung.png>
Package pdftex.def Info: images/testumgebung.png  used on input line 772.
(pdftex.def)             Requested size: 340.79507pt x 226.29333pt.
 [22 <./images/testumgebung.png>]
<images/Double_NAT.png, id=122, 702.625pt x 244.915pt>
File: images/Double_NAT.png Graphic file (type png)
<use images/Double_NAT.png>
Package pdftex.def Info: images/Double_NAT.png  used on input line 783.
(pdftex.def)             Requested size: 281.04501pt x 97.96425pt.

Underfull \hbox (badness 2547) in paragraph at lines 784--784
[]\T1/ptm/m/n/10 Abbildung 3.2: |Bei-spiel ei-ner all-ge-mei-nen dou-ble NAT 
Um-ge-bung. Die Dar-stel-lung ba-siert auf:
 []

[23 <./images/Double_NAT.png (PNG copy)>]
Underfull \vbox (badness 10000) has occurred while \output is active []

 [24]
[25]
Underfull \hbox (badness 10000) in paragraph at lines 834--836

 []

[26]
(C:\Users\hweck\AppData\Local\Programs\MiKTeX\tex/latex/listings\lstlang1.sty
File: lstlang1.sty 2020/03/24 1.8d listings language file
)
Underfull \hbox (badness 10000) in paragraph at lines 843--844

 []


Underfull \vbox (badness 10000) has occurred while \output is active []

 [27]
<images/nmap_Dokumentation.png, id=139, 471.26062pt x 374.90062pt>
File: images/nmap_Dokumentation.png Graphic file (type png)
<use images/nmap_Dokumentation.png>
Package pdftex.def Info: images/nmap_Dokumentation.png  used on input line 854.

(pdftex.def)             Requested size: 306.31578pt x 243.68251pt.

Underfull \hbox (badness 1354) in paragraph at lines 855--855
[]\T1/ptm/m/n/10 Abbildung 3.4: |Aus-zug aus der Do-ku-men-ta-ti-on des Pro-gra
mms nmap. Die hier dar-ge-stell-ten Op-tio-
 []


Underfull \hbox (badness 10000) in paragraph at lines 860--861

 []


Underfull \hbox (badness 10000) in paragraph at lines 867--868

 []

[28 <./images/nmap_Dokumentation.png>]
<images/airodump_output.png, id=144, 604.50844pt x 191.21437pt>
File: images/airodump_output.png Graphic file (type png)
<use images/airodump_output.png>
Package pdftex.def Info: images/airodump_output.png  used on input line 879.
(pdftex.def)             Requested size: 362.70786pt x 114.72949pt.

Underfull \hbox (badness 10000) in paragraph at lines 890--891

 []

[29 <./images/airodump_output.png>]
Underfull \hbox (badness 1057) in paragraph at lines 919--921
\T1/ptm/m/n/12 Pro-to-koll-ver-sio-nen so-wie Ver-schlüs-se-lungs-me-tho-den an
. Des Wei-te-ren kann auch ein
 []


Underfull \hbox (badness 10000) in paragraph at lines 919--921

 []

[30]
Underfull \hbox (badness 10000) in paragraph at lines 926--927

 []

[31]
(C:\Users\hweck\AppData\Local\Programs\MiKTeX\tex/latex/listings\lstlang1.sty
File: lstlang1.sty 2020/03/24 1.8d listings language file
)
(C:\Users\hweck\AppData\Local\Programs\MiKTeX\tex/latex/listings\lstmisc.sty
File: lstmisc.sty 2020/03/24 1.8d (Carsten Heinz)
)
<images/proxy.png, id=155, 584.1825pt x 119.44624pt>
File: images/proxy.png Graphic file (type png)
<use images/proxy.png>
Package pdftex.def Info: images/proxy.png  used on input line 946.
(pdftex.def)             Requested size: 292.09053pt x 59.72296pt.


LaTeX Warning: `h' float specifier changed to `ht'.


Underfull \hbox (badness 10000) in paragraph at lines 957--958

 []


Underfull \vbox (badness 10000) has occurred while \output is active []

 [32]
Underfull \hbox (badness 10000) in paragraph at lines 970--971

 []

[33 <./images/proxy.png>]
<images/Singularity_web.png, id=163, 1404.74812pt x 456.20438pt>
File: images/Singularity_web.png Graphic file (type png)
<use images/Singularity_web.png>
Package pdftex.def Info: images/Singularity_web.png  used on input line 974.
(pdftex.def)             Requested size: 421.42769pt x 136.86237pt.

Underfull \hbox (badness 10000) in paragraph at lines 982--983

 []

[34 <./images/Singularity_web.png>]
(images/DNS_port_and_id_distribution_analytics.txt) [35]
<images/DNS_port_and_id_distribution_graph.png, id=173, 867.24pt x 578.16pt>
File: images/DNS_port_and_id_distribution_graph.png Graphic file (type png)
<use images/DNS_port_and_id_distribution_graph.png>
Package pdftex.def Info: images/DNS_port_and_id_distribution_graph.png  used on
 input line 992.
(pdftex.def)             Requested size: 433.61894pt x 289.07928pt.
 [36 <./images/DNS_port_and_id_distribution_graph.png>]
Underfull \hbox (badness 3460) in paragraph at lines 1009--1010
\T1/ptm/m/n/12 Ebenso wie die Na-tur des Open-Wrt Pro-jek-tes ein ein-fa-ches T
es-ten vie-ler Test
 []


Underfull \hbox (badness 10000) in paragraph at lines 1021--1022

 []

[37]
Underfull \hbox (badness 10000) in paragraph at lines 1034--1035

 []

<images/FACT_system_requirements.png, id=182, 335.75438pt x 95.6072pt>
File: images/FACT_system_requirements.png Graphic file (type png)
<use images/FACT_system_requirements.png>
Package pdftex.def Info: images/FACT_system_requirements.png  used on input lin
e 1038.
(pdftex.def)             Requested size: 235.02646pt x 66.92456pt.

Underfull \hbox (badness 10000) in paragraph at lines 1050--1052

 []

[38 <./images/FACT_system_requirements.png>] [39]
Underfull \hbox (badness 10000) in paragraph at lines 1097--1098

 []

[40]
Kapitel 4.

Underfull \hbox (badness 10000) in paragraph at lines 1136--1137

 []

<images/tr_stat2.png, id=193, 288.3272pt x 222.07968pt>
File: images/tr_stat2.png Graphic file (type png)
<use images/tr_stat2.png>
Package pdftex.def Info: images/tr_stat2.png  used on input line 1140.
(pdftex.def)             Requested size: 187.41045pt x 144.35007pt.
[41

 <./images/tr_stat2.png (PNG copy)>]
Underfull \hbox (badness 10000) in paragraph at lines 1182--1183

 []

(images/nmap_openwrt_initalised_tcp.txt
Underfull \vbox (badness 10000) has occurred while \output is active []

 [42])
(images/nmap_openwrt_initalised_udp.txt)
Underfull \hbox (badness 10000) in paragraph at lines 1190--1191

 []

(images/nmap_wan_all_ports_tcp.txt [43]) (images/nmap_wan_all_ports_udp.txt)
[44]
Underfull \hbox (badness 10000) in paragraph at lines 1199--1200

 []

<images/days_to_fix_cve.png, id=207, 743.02594pt x 403.5075pt>
File: images/days_to_fix_cve.png Graphic file (type png)
<use images/days_to_fix_cve.png>
Package pdftex.def Info: images/days_to_fix_cve.png  used on input line 1204.
(pdftex.def)             Requested size: 445.819pt x 242.10637pt.

Overfull \hbox (4.80128pt too wide) in paragraph at lines 1204--1205
 [] 
 []


Underfull \hbox (badness 1057) in paragraph at lines 1212--1213
[]\T1/ptm/m/n/12 Einige De-fi-zi-te bzw. ge-misch-te Er-geb-nis-se lie-fern die
 Test-fäl-le des WLAN-
 []

[45 <./images/days_to_fix_cve.png>] [46]
<images/mockup.png, id=215, 514.92375pt x 402.50375pt>
File: images/mockup.png Graphic file (type png)
<use images/mockup.png>
Package pdftex.def Info: images/mockup.png  used on input line 1225.
(pdftex.def)             Requested size: 257.46124pt x 201.25137pt.

Underfull \hbox (badness 1087) in paragraph at lines 1231--1233
\T1/ptm/m/n/12 Ent-wick-ler von Open-Wrt schlug da-her vor ei-ne tech-ni-cal-l
y cons-trai-ned sub-or-di-na-te
 []


Underfull \hbox (badness 10000) in paragraph at lines 1231--1233

 []


Underfull \vbox (badness 10000) has occurred while \output is active []

 [47 <./images/mockup.png>]
<images/CA.png, id=220, 520.94624pt x 374.39874pt>
File: images/CA.png Graphic file (type png)
<use images/CA.png>
Package pdftex.def Info: images/CA.png  used on input line 1236.
(pdftex.def)             Requested size: 208.3748pt x 149.75684pt.
 [48 <./images/CA.png>]
<images/TP_D_11_2_login_attempts_luci.png, id=226, 429.2838pt x 383.031pt>
File: images/TP_D_11_2_login_attempts_luci.png Graphic file (type png)
<use images/TP_D_11_2_login_attempts_luci.png>
Package pdftex.def Info: images/TP_D_11_2_login_attempts_luci.png  used on inpu
t line 1247.
(pdftex.def)             Requested size: 211.68661pt x 188.87912pt.
<images/TP_D_11_2_ssh_login_attempts.png, id=227, 429.2838pt x 383.031pt>
File: images/TP_D_11_2_ssh_login_attempts.png Graphic file (type png)
<use images/TP_D_11_2_ssh_login_attempts.png>
Package pdftex.def Info: images/TP_D_11_2_ssh_login_attempts.png  used on input
 line 1249.
(pdftex.def)             Requested size: 211.68661pt x 188.87912pt.

Overfull \hbox (6.30777pt too wide) in paragraph at lines 1247--1250
 [][]|  [] 
 []

[49 <./images/TP_D_11_2_login_attempts_luci.png (PNG copy)> <./images/TP_D_11_2
_ssh_login_attempts.png (PNG copy)>] [50] [51]
<images/days_since_update.png, id=237, 542.025pt x 312.41719pt>
File: images/days_since_update.png Graphic file (type png)
<use images/days_since_update.png>
Package pdftex.def Info: images/days_since_update.png  used on input line 1297.

(pdftex.def)             Requested size: 271.01183pt x 156.2082pt.

Underfull \vbox (badness 10000) has occurred while \output is active []

 [52 <./images/days_since_update.png>]
Underfull \hbox (badness 10000) in paragraph at lines 1310--1311

 []

<images/linux_kernel.png, id=242, 425.33907pt x 392.96812pt>
File: images/linux_kernel.png Graphic file (type png)
<use images/linux_kernel.png>
Package pdftex.def Info: images/linux_kernel.png  used on input line 1314.
(pdftex.def)             Requested size: 191.4008pt x 176.83401pt.
[53 <./images/linux_kernel.png>]
<images/Timeline-Linux-Kernel.png, id=247, 1481.535pt x 280.1667pt>
File: images/Timeline-Linux-Kernel.png Graphic file (type png)
<use images/Timeline-Linux-Kernel.png>
Package pdftex.def Info: images/Timeline-Linux-Kernel.png  used on input line 1
324.
(pdftex.def)             Requested size: 444.46393pt x 84.05066pt.

Overfull \hbox (3.44621pt too wide) in paragraph at lines 1324--1325
 [] 
 []

<images/number_of_cves.png, id=248, 650.43pt x 314.67563pt>
File: images/number_of_cves.png Graphic file (type png)
<use images/number_of_cves.png>
Package pdftex.def Info: images/number_of_cves.png  used on input line 1333.
(pdftex.def)             Requested size: 325.2142pt x 157.33742pt.
[54 <./images/Timeline-Linux-Kernel.png> <./images/number_of_cves.png>]
Underfull \hbox (badness 1789) in paragraph at lines 1359--1361
\T1/ptm/m/n/12 Betriebssystemen ein-ge-setzt (sie-he Ab-bil-dung 4.10[]). Au-ÿe
r To-ma-to nut-zen al-le der
 []


Underfull \hbox (badness 10000) in paragraph at lines 1359--1361

 []

[55]
<images/hardening_open_source.png, id=258, 297.36093pt x 184.43906pt>
File: images/hardening_open_source.png Graphic file (type png)
<use images/hardening_open_source.png>
Package pdftex.def Info: images/hardening_open_source.png  used on input line 1
365.
(pdftex.def)             Requested size: 193.2823pt x 119.88396pt.
<images/hardening_open_source_all.png, id=259, 813.79031pt x 387.69844pt>
File: images/hardening_open_source_all.png Graphic file (type png)
<use images/hardening_open_source_all.png>
Package pdftex.def Info: images/hardening_open_source_all.png  used on input li
ne 1374.
(pdftex.def)             Requested size: 406.89417pt x 193.84874pt.
 [56 <./images/hardening_open_source.png> <./images/hardening_open_source_all.p
ng>]
<images/number_of_priv_keys.png, id=265, 349.305pt x 204.765pt>
File: images/number_of_priv_keys.png Graphic file (type png)
<use images/number_of_priv_keys.png>
Package pdftex.def Info: images/number_of_priv_keys.png  used on input line 140
4.
(pdftex.def)             Requested size: 198.45662pt x 116.33606pt.
<images/number_of_priv_keys_FKIE.png, id=266, 486.31688pt x 244.66406pt>
File: images/number_of_priv_keys_FKIE.png Graphic file (type png)
<use images/number_of_priv_keys_FKIE.png>
Package pdftex.def Info: images/number_of_priv_keys_FKIE.png  used on input lin
e 1406.
(pdftex.def)             Requested size: 220.50885pt x 110.93779pt.

Overfull \hbox (1.90001pt too wide) in paragraph at lines 1404--1407
 [][]|  [] 
 []

[57] [58 <./images/number_of_priv_keys.png> <./images/number_of_priv_keys_FKIE.
png (PNG copy)>]
Kapitel 5.
[59

]
Underfull \vbox (badness 10000) has occurred while \output is active []

 [60]
Underfull \hbox (badness 1009) in paragraph at lines 1438--1440
\T1/ptm/m/n/12 li-nie von In-ter-es-se. Eben-so wä-re die Durch-füh-rung an an-
de-ren quel-lof-fe-nen Router-
 []

[61] (abschlussarbeit.bbl [62


] [63] [64] [65] [66] [67]) [68]
Anhang A.
[69



]
Anhang B.
[70

] (abschlussarbeit.aux) ) 
Here is how much of TeX's memory you used:
 19665 strings out of 479696
 389427 string characters out of 2867116
 915547 words of memory out of 3000000
 36344 multiletter control sequences out of 15000+200000
 456778 words of font info for 96 fonts, out of 3000000 for 9000
 1141 hyphenation exceptions out of 8191
 80i,28n,85p,2893b,2043s stack positions out of 5000i,500n,10000p,200000b,50000s
{C:/Users/hweck/AppData/Local/Programs/MiKTeX/fonts/en
c/dvips/base/8r.enc}<C:/Users/hweck/AppData/Local/Programs/MiKTeX/fonts/type1/p
ublic/amsfonts/cm/cmmi10.pfb><C:/Users/hweck/AppData/Local/Programs/MiKTeX/font
s/type1/public/amsfonts/cm/cmmi12.pfb><C:/Users/hweck/AppData/Local/Programs/Mi
KTeX/fonts/type1/public/amsfonts/cm/cmr12.pfb><C:/Users/hweck/AppData/Local/Pro
grams/MiKTeX/fonts/type1/public/amsfonts/cm/cmsy10.pfb><C:/Users/hweck/AppData/
Local/Programs/MiKTeX/fonts/type1/urw/courier/ucrr8a.pfb><C:/Users/hweck/AppDat
a/Local/Programs/MiKTeX/fonts/type1/urw/helvetic/uhvb8a.pfb><C:/Users/hweck/App
Data/Local/Programs/MiKTeX/fonts/type1/urw/times/utmb8a.pfb><C:/Users/hweck/App
Data/Local/Programs/MiKTeX/fonts/type1/urw/times/utmbi8a.pfb><C:/Users/hweck/Ap
pData/Local/Programs/MiKTeX/fonts/type1/urw/times/utmr8a.pfb><C:/Users/hweck/Ap
pData/Local/Programs/MiKTeX/fonts/type1/urw/times/utmr8a.pfb><C:/Users/hweck/Ap
pData/Local/Programs/MiKTeX/fonts/type1/urw/times/utmri8a.pfb>
Output written on abschlussarbeit.pdf (77 pages, 1587530 bytes).
PDF statistics:
 352 PDF objects out of 1000 (max. 8388607)
 0 named destinations out of 1000 (max. 500000)
 173 words of extra memory for PDF output out of 10000 (max. 10000000)

